0 info it worked if it ends with ok
1 verbose cli [ 'D:\\nodejs\\node.exe',
1 verbose cli   'D:\\nodejs\\node_modules\\npm\\bin\\npm-cli.js',
1 verbose cli   'install',
1 verbose cli   'angular-animate' ]
2 info using npm@3.8.9
3 info using node@v6.2.0
4 silly loadCurrentTree Starting
5 silly install loadCurrentTree
6 silly install readLocalPackageData
7 silly fetchPackageMetaData angular-animate
8 silly fetchNamedPackageData angular-animate
9 silly mapToRegistry name angular-animate
10 silly mapToRegistry using default registry
11 silly mapToRegistry registry https://registry.npmjs.org/
12 silly mapToRegistry data Result {
12 silly mapToRegistry   raw: 'angular-animate',
12 silly mapToRegistry   scope: null,
12 silly mapToRegistry   name: 'angular-animate',
12 silly mapToRegistry   rawSpec: '',
12 silly mapToRegistry   spec: 'latest',
12 silly mapToRegistry   type: 'tag' }
13 silly mapToRegistry uri https://registry.npmjs.org/angular-animate
14 verbose request uri https://registry.npmjs.org/angular-animate
15 verbose request no auth needed
16 info attempt registry request try #1 at 11:00:46
17 verbose request using bearer token for auth
18 verbose request id 877a4000b9aaf5eb
19 verbose etag "4SOXSYKDFEENJVCMA2ZNKGQWS"
20 http request GET https://registry.npmjs.org/angular-animate
21 http 304 https://registry.npmjs.org/angular-animate
22 verbose headers { 'cache-control': 'max-age=300',
22 verbose headers   'accept-ranges': 'bytes',
22 verbose headers   date: 'Mon, 12 Sep 2016 02:59:14 GMT',
22 verbose headers   via: '1.1 varnish',
22 verbose headers   connection: 'keep-alive',
22 verbose headers   'x-served-by': 'cache-itm7421-ITM',
22 verbose headers   'x-cache': 'MISS',
22 verbose headers   'x-cache-hits': '0',
22 verbose headers   'x-timer': 'S1473649153.956807,VS0,VE761',
22 verbose headers   vary: 'Accept-Encoding' }
23 silly get cb [ 304,
23 silly get   { 'cache-control': 'max-age=300',
23 silly get     'accept-ranges': 'bytes',
23 silly get     date: 'Mon, 12 Sep 2016 02:59:14 GMT',
23 silly get     via: '1.1 varnish',
23 silly get     connection: 'keep-alive',
23 silly get     'x-served-by': 'cache-itm7421-ITM',
23 silly get     'x-cache': 'MISS',
23 silly get     'x-cache-hits': '0',
23 silly get     'x-timer': 'S1473649153.956807,VS0,VE761',
23 silly get     vary: 'Accept-Encoding' } ]
24 verbose etag https://registry.npmjs.org/angular-animate from cache
25 verbose get saving angular-animate to C:\Users\Administrator\AppData\Roaming\npm-cache\registry.npmjs.org\angular-animate\.cache.json
26 verbose correctMkdir C:\Users\Administrator\AppData\Roaming\npm-cache correctMkdir not in flight; initializing
27 silly install normalizeTree
28 silly loadCurrentTree Finishing
29 silly loadIdealTree Starting
30 silly install loadIdealTree
31 silly cloneCurrentTree Starting
32 silly install cloneCurrentTreeToIdealTree
33 silly cloneCurrentTree Finishing
34 silly loadShrinkwrap Starting
35 silly install loadShrinkwrap
36 silly loadShrinkwrap Finishing
37 silly loadAllDepsIntoIdealTree Starting
38 silly install loadAllDepsIntoIdealTree
39 silly resolveWithNewModule angular-animate@1.5.8 checking installable status
40 silly cache add args [ 'angular-animate', null ]
41 verbose cache add spec angular-animate
42 silly cache add parsed spec Result {
42 silly cache add   raw: 'angular-animate',
42 silly cache add   scope: null,
42 silly cache add   name: 'angular-animate',
42 silly cache add   rawSpec: '',
42 silly cache add   spec: 'latest',
42 silly cache add   type: 'tag' }
43 silly addNamed angular-animate@latest
44 verbose addNamed "latest" is being treated as a dist-tag for angular-animate
45 info addNameTag [ 'angular-animate', 'latest' ]
46 silly mapToRegistry name angular-animate
47 silly mapToRegistry using default registry
48 silly mapToRegistry registry https://registry.npmjs.org/
49 silly mapToRegistry data Result {
49 silly mapToRegistry   raw: 'angular-animate',
49 silly mapToRegistry   scope: null,
49 silly mapToRegistry   name: 'angular-animate',
49 silly mapToRegistry   rawSpec: '',
49 silly mapToRegistry   spec: 'latest',
49 silly mapToRegistry   type: 'tag' }
50 silly mapToRegistry uri https://registry.npmjs.org/angular-animate
51 verbose addNameTag registry:https://registry.npmjs.org/angular-animate not in flight; fetching
52 verbose get https://registry.npmjs.org/angular-animate not expired, no request
53 silly addNameTag next cb for angular-animate with tag latest
54 silly addNamed angular-animate@1.5.8
55 verbose addNamed "1.5.8" is a plain semver version for angular-animate
56 silly cache afterAdd angular-animate@1.5.8
57 verbose afterAdd C:\Users\Administrator\AppData\Roaming\npm-cache\angular-animate\1.5.8\package\package.json not in flight; writing
58 verbose correctMkdir C:\Users\Administrator\AppData\Roaming\npm-cache correctMkdir not in flight; initializing
59 verbose afterAdd C:\Users\Administrator\AppData\Roaming\npm-cache\angular-animate\1.5.8\package\package.json written
60 silly loadAllDepsIntoIdealTree Finishing
61 silly idealTree:prePrune angular@1.5.8
61 silly idealTree:prePrune `-- angular-animate@1.5.8
62 silly loadIdealTree Finishing
63 silly currentTree angular@1.5.8
64 silly idealTree angular@1.5.8
64 silly idealTree `-- angular-animate@1.5.8
65 silly generateActionsToTake Starting
66 silly install generateActionsToTake
67 silly generateActionsToTake Finishing
68 silly diffTrees action count 2
69 silly diffTrees update angular@1.5.8
70 silly diffTrees add angular-animate@1.5.8
71 silly decomposeActions action count 16
72 silly decomposeActions fetch angular@1.5.8
73 silly decomposeActions extract angular@1.5.8
74 silly decomposeActions test angular@1.5.8
75 silly decomposeActions preinstall angular@1.5.8
76 silly decomposeActions build angular@1.5.8
77 silly decomposeActions install angular@1.5.8
78 silly decomposeActions postinstall angular@1.5.8
79 silly decomposeActions finalize angular@1.5.8
80 silly decomposeActions fetch angular-animate@1.5.8
81 silly decomposeActions extract angular-animate@1.5.8
82 silly decomposeActions test angular-animate@1.5.8
83 silly decomposeActions preinstall angular-animate@1.5.8
84 silly decomposeActions build angular-animate@1.5.8
85 silly decomposeActions install angular-animate@1.5.8
86 silly decomposeActions postinstall angular-animate@1.5.8
87 silly decomposeActions finalize angular-animate@1.5.8
88 silly executeActions Starting
89 silly install executeActions
90 silly doSerial global-install 0
91 silly doParallel fetch 2
92 verbose correctMkdir C:\Users\Administrator\AppData\Roaming\npm-cache\_locks correctMkdir not in flight; initializing
93 verbose lock using C:\Users\Administrator\AppData\Roaming\npm-cache\_locks\staging-23e847e4e85e85bf.lock for F:\张苗苗优逸客培训\angularjs\angular\node_modules\.staging
94 silly doParallel extract 2
95 silly extract angular@1.5.8
96 silly extract angular-animate@1.5.8
97 verbose unbuild node_modules\.staging\angular-d73a59a2
98 verbose unbuild node_modules\.staging\angular-animate-733f54c0
99 silly gentlyRm F:\张苗苗优逸客培训\angularjs\angular\node_modules\.staging\angular-d73a59a2 is being purged from base F:\张苗苗优逸客培训\angularjs\angular
100 verbose gentlyRm don't care about contents; nuking F:\张苗苗优逸客培训\angularjs\angular\node_modules\.staging\angular-d73a59a2
101 silly gentlyRm F:\张苗苗优逸客培训\angularjs\angular\node_modules\.staging\angular-animate-733f54c0 is being purged from base F:\张苗苗优逸客培训\angularjs\angular
102 verbose gentlyRm don't care about contents; nuking F:\张苗苗优逸客培训\angularjs\angular\node_modules\.staging\angular-animate-733f54c0
103 verbose tar unpack C:\Users\Administrator\AppData\Roaming\npm-cache\angular\1.5.8\package.tgz
104 verbose tar unpacking to F:\张苗苗优逸客培训\angularjs\angular\node_modules\.staging\angular-d73a59a2
105 silly gentlyRm F:\张苗苗优逸客培训\angularjs\angular\node_modules\.staging\angular-d73a59a2 is being purged
106 verbose gentlyRm don't care about contents; nuking F:\张苗苗优逸客培训\angularjs\angular\node_modules\.staging\angular-d73a59a2
107 verbose tar unpack C:\Users\Administrator\AppData\Roaming\npm-cache\angular-animate\1.5.8\package.tgz
108 verbose tar unpacking to F:\张苗苗优逸客培训\angularjs\angular\node_modules\.staging\angular-animate-733f54c0
109 silly gentlyRm F:\张苗苗优逸客培训\angularjs\angular\node_modules\.staging\angular-animate-733f54c0 is being purged
110 verbose gentlyRm don't care about contents; nuking F:\张苗苗优逸客培训\angularjs\angular\node_modules\.staging\angular-animate-733f54c0
111 silly gunzTarPerm modes [ '777', '666' ]
112 silly gunzTarPerm modes [ '777', '666' ]
113 silly gunzTarPerm extractEntry package.json
114 silly gunzTarPerm modified mode [ 'package.json', 420, 438 ]
115 silly gunzTarPerm extractEntry package.json
116 silly gunzTarPerm modified mode [ 'package.json', 420, 438 ]
117 silly gunzTarPerm extractEntry README.md
118 silly gunzTarPerm modified mode [ 'README.md', 420, 438 ]
119 silly gunzTarPerm extractEntry angular-animate.js
120 silly gunzTarPerm modified mode [ 'angular-animate.js', 420, 438 ]
121 silly gunzTarPerm extractEntry README.md
122 silly gunzTarPerm modified mode [ 'README.md', 420, 438 ]
123 silly gunzTarPerm extractEntry angular.js
124 silly gunzTarPerm modified mode [ 'angular.js', 420, 438 ]
125 silly gunzTarPerm extractEntry angular-animate.min.js
126 silly gunzTarPerm modified mode [ 'angular-animate.min.js', 420, 438 ]
127 silly gunzTarPerm extractEntry index.js
128 silly gunzTarPerm modified mode [ 'index.js', 420, 438 ]
129 silly gunzTarPerm extractEntry LICENSE.md
130 silly gunzTarPerm modified mode [ 'LICENSE.md', 420, 438 ]
131 silly gunzTarPerm extractEntry angular-animate.min.js.map
132 silly gunzTarPerm modified mode [ 'angular-animate.min.js.map', 420, 438 ]
133 silly gunzTarPerm extractEntry bower.json
134 silly gunzTarPerm modified mode [ 'bower.json', 420, 438 ]
135 silly gunzTarPerm extractEntry angular.min.js
136 silly gunzTarPerm modified mode [ 'angular.min.js', 420, 438 ]
137 silly gunzTarPerm extractEntry index.js
138 silly gunzTarPerm modified mode [ 'index.js', 420, 438 ]
139 silly gunzTarPerm extractEntry LICENSE.md
140 silly gunzTarPerm modified mode [ 'LICENSE.md', 420, 438 ]
141 silly gunzTarPerm extractEntry angular-csp.css
142 silly gunzTarPerm modified mode [ 'angular-csp.css', 420, 438 ]
143 silly gunzTarPerm extractEntry angular.min.js.gzip
144 silly gunzTarPerm modified mode [ 'angular.min.js.gzip', 420, 438 ]
145 silly gunzTarPerm extractEntry angular.min.js.map
146 silly gunzTarPerm modified mode [ 'angular.min.js.map', 420, 438 ]
147 silly gunzTarPerm extractEntry bower.json
148 silly gunzTarPerm modified mode [ 'bower.json', 420, 438 ]
149 silly gentlyRm F:\张苗苗优逸客培训\angularjs\angular\node_modules\.staging\angular-animate-733f54c0\node_modules is being purged
150 verbose gentlyRm don't care about contents; nuking F:\张苗苗优逸客培训\angularjs\angular\node_modules\.staging\angular-animate-733f54c0\node_modules
151 silly gentlyRm F:\张苗苗优逸客培训\angularjs\angular\node_modules\.staging\angular-d73a59a2\node_modules is being purged
152 verbose gentlyRm don't care about contents; nuking F:\张苗苗优逸客培训\angularjs\angular\node_modules\.staging\angular-d73a59a2\node_modules
153 silly doParallel preinstall 2
154 silly preinstall angular@1.5.8 F:\张苗苗优逸客培训\angularjs\angular\node_modules\.staging\angular-d73a59a2
155 info lifecycle angular@1.5.8~preinstall: angular@1.5.8
156 silly preinstall angular-animate@1.5.8 F:\张苗苗优逸客培训\angularjs\angular\node_modules\.staging\angular-animate-733f54c0
157 info lifecycle angular-animate@1.5.8~preinstall: angular-animate@1.5.8
158 silly lifecycle angular@1.5.8~preinstall: no script for preinstall, continuing
159 silly lifecycle angular-animate@1.5.8~preinstall: no script for preinstall, continuing
160 silly doReverseSerial remove 0
161 silly doSerial move 0
162 silly doSerial finalize 2
163 silly finalize F:\张苗苗优逸客培训\angularjs\angular
164 verbose unlock done using C:\Users\Administrator\AppData\Roaming\npm-cache\_locks\staging-23e847e4e85e85bf.lock for F:\张苗苗优逸客培训\angularjs\angular\node_modules\.staging
165 silly rollbackFailedOptional Starting
166 silly rollbackFailedOptional Finishing
167 silly runTopLevelLifecycles Starting
168 silly runTopLevelLifecycles Finishing
169 silly install printInstalled
170 verbose stack Error: EBUSY: resource busy or locked, rename 'F:\张苗苗优逸客培训\angularjs\angular' -> 'F:\张苗苗优逸客培训\angularjs\.angular.DELETE'
170 verbose stack     at moveAway (D:\nodejs\node_modules\npm\lib\install\action\finalize.js:38:5)
170 verbose stack     at destStatted (D:\nodejs\node_modules\npm\lib\install\action\finalize.js:27:7)
170 verbose stack     at FSReqWrap.oncomplete (fs.js:117:15)
170 verbose stack
170 verbose stack Error: EBUSY: resource busy or locked, rename 'F:\张苗苗优逸客培训\angularjs\angular' -> 'F:\张苗苗优逸客培训\angularjs\.angular.DELETE'
170 verbose stack     at Error (native)
171 verbose cwd F:\张苗苗优逸客培训\angularjs\angular
172 error Windows_NT 6.1.7601
173 error argv "D:\\nodejs\\node.exe" "D:\\nodejs\\node_modules\\npm\\bin\\npm-cli.js" "install" "angular-animate"
174 error node v6.2.0
175 error npm  v3.8.9
176 error path F:\张苗苗优逸客培训\angularjs\angular
177 error code EBUSY
178 error errno -4082
179 error syscall rename
180 error EBUSY: resource busy or locked, rename 'F:\张苗苗优逸客培训\angularjs\angular' -> 'F:\张苗苗优逸客培训\angularjs\.angular.DELETE'
181 error If you need help, you may report this error at:
181 error     <https://github.com/npm/npm/issues>
182 verbose exit [ -4082, true ]
